Using pre-set license

 COMMAND LINE ARGUMENTS:
/Applications/Unity/Hub/Editor/2020.3.2f1/Unity.app/Contents/MacOS/Unity
-adb2
-batchMode
-noUpm
-name
AssetImportWorker0
-projectPath
/Users/kanapo/Documents/Unity/AddressableTest
-logFile
Logs/AssetImportWorker0.log
-srvPort
64157
Successfully changed project path to: /Users/kanapo/Documents/Unity/AddressableTest
/Users/kanapo/Documents/Unity/AddressableTest
Using Asset Import Pipeline V2.
Refreshing native plugins compatible for Editor in 26.39 ms, found 1 plugins.
Preloading 0 native plugins for Editor in 0.00 ms.
Initialize engine version: 2020.3.2f1 (8fd9074bf66c)
[Subsystems] Discovering subsystems at path /Applications/Unity/Hub/Editor/2020.3.2f1/Unity.app/Contents/Resources/UnitySubsystems
[Subsystems] Discovering subsystems at path /Users/kanapo/Documents/Unity/AddressableTest/Assets
GfxDevice: creating device client; threaded=0
2021-08-17 06:53:54.722 Unity[43216:1123953] (null) preferred device: Apple M1 (high power)
2021-08-17 06:53:54.722 Unity[43216:1123953] Metal devices available: 1
2021-08-17 06:53:54.722 Unity[43216:1123953] 0: Apple M1 (high power)
2021-08-17 06:53:54.722 Unity[43216:1123953] Using device Apple M1 (high power)
Initializing Metal device caps: Apple M1
Initialize mono
Mono path[0] = '/Applications/Unity/Hub/Editor/2020.3.2f1/Unity.app/Contents/Managed'
Mono path[1] = '/Applications/Unity/Hub/Editor/2020.3.2f1/Unity.app/Contents/MonoBleedingEdge/lib/mono/unityjit'
Mono config path = '/Applications/Unity/Hub/Editor/2020.3.2f1/Unity.app/Contents/MonoBleedingEdge/etc'
Using monoOptions --debugger-agent=transport=dt_socket,embedding=1,server=y,suspend=n,address=127.0.0.1:56216
Begin MonoManager ReloadAssembly
Registering precompiled unity dll's ...
Register platform support module: /Applications/Unity/Hub/Editor/2020.3.2f1/Unity.app/Contents/PlaybackEngines/MacStandaloneSupport/UnityEditor.OSXStandalone.Extensions.dll
Registered in 0.002029 seconds.
Native extension for OSXStandalone target not found
Refreshing native plugins compatible for Editor in 28.59 ms, found 1 plugins.
Preloading 0 native plugins for Editor in 0.00 ms.
Invoked RoslynAnalysisRunner static constructor.
RoslynAnalysisRunner will not be running.
RoslynAnalysisRunner has terminated.
Mono: successfully reloaded assembly
- Completed reload, in  3.331 seconds
Platform modules already initialized, skipping
Registering precompiled user dll's ...
Registered in 0.001499 seconds.
Begin MonoManager ReloadAssembly
Native extension for OSXStandalone target not found
Refreshing native plugins compatible for Editor in 0.25 ms, found 1 plugins.
Preloading 0 native plugins for Editor in 0.00 ms.
Invoked RoslynAnalysisRunner static constructor.
RoslynAnalysisRunner will not be running.
RoslynAnalysisRunner has terminated.
Fallback handler could not load library /Applications/Unity/Hub/Editor/2020.3.2f1/Unity.app/Contents/Frameworks/Mono/lib/libKernel32
Fallback handler could not load library /Applications/Unity/Hub/Editor/2020.3.2f1/Unity.app/Contents/Frameworks/Mono/lib/libKernel32.dylib
Fallback handler could not load library /Applications/Unity/Hub/Editor/2020.3.2f1/Unity.app/Contents/Frameworks/Mono/lib/libKernel32.so
Fallback handler could not load library /Applications/Unity/Hub/Editor/2020.3.2f1/Unity.app/Contents/Frameworks/Mono/lib/libKernel32.bundle
Fallback handler could not load library /Applications/Unity/Hub/Editor/2020.3.2f1/Unity.app/Contents/Frameworks/Mono/lib/Kernel32
Fallback handler could not load library /Applications/Unity/Hub/Editor/2020.3.2f1/Unity.app/Contents/Frameworks/Mono/lib/libKernel32
Fallback handler could not load library /Applications/Unity/Hub/Editor/2020.3.2f1/Unity.app/Contents/Frameworks/Mono/lib/libKernel32.dylib
Fallback handler could not load library /Applications/Unity/Hub/Editor/2020.3.2f1/Unity.app/Contents/Frameworks/Mono/lib/libKernel32.so
Fallback handler could not load library /Applications/Unity/Hub/Editor/2020.3.2f1/Unity.app/Contents/Frameworks/Mono/lib/libKernel32.bundle
Fallback handler could not load library /Applications/Unity/Hub/Editor/2020.3.2f1/Unity.app/Contents/Frameworks/Mono/lib/libKernel32
Mono: successfully reloaded assembly
- Completed reload, in  3.136 seconds
Platform modules already initialized, skipping
========================================================================
Worker process is ready to serve import requests
Launching external process: /Applications/Unity/Hub/Editor/2020.3.2f1/Unity.app/Contents/Tools/UnityShaderCompiler
Launched and connected shader compiler UnityShaderCompiler after 0.03 seconds
Refreshing native plugins compatible for Editor in 0.30 ms, found 1 plugins.
Preloading 0 native plugins for Editor in 0.00 ms.
Unloading 1681 Unused Serialized files (Serialized files now loaded: 0)
System memory in use before: 146.7 MB.
System memory in use after: 146.7 MB.

Unloading 10 unused Assets to reduce memory usage. Loaded Objects now: 2131.
Total: 6.230500 ms (FindLiveObjects: 0.339667 ms CreateObjectMapping: 0.033875 ms MarkObjects: 5.719500 ms  DeleteObjects: 0.135792 ms)

========================================================================
Received Import Request.
  path: Assets/Scenes/SampleScene.unity
  artifactKey: Guid(9fc0d4010bbf28b4594072e72b8655ab) Importer(815301076,1909f56bfc062723c751e8b465ee728b)
Start importing Assets/Scenes/SampleScene.unity using Guid(9fc0d4010bbf28b4594072e72b8655ab) Importer(815301076,1909f56bfc062723c751e8b465ee728b)  -> (artifact id: '482e87a0e55344e243de139cfe8a82e5') in 0.034933 seconds
  Import took 0.039326 seconds .

========================================================================
Received Prepare
Registering precompiled user dll's ...
Registered in 0.000725 seconds.
Begin MonoManager ReloadAssembly
Fallback handler could not load library /Applications/Unity/Hub/Editor/2020.3.2f1/Unity.app/Contents/Frameworks/Mono/lib/libKernel32
Fallback handler could not load library /Applications/Unity/Hub/Editor/2020.3.2f1/Unity.app/Contents/Frameworks/Mono/lib/libKernel32.dylib
Fallback handler could not load library /Applications/Unity/Hub/Editor/2020.3.2f1/Unity.app/Contents/Frameworks/Mono/lib/libKernel32.so
Fallback handler could not load library /Applications/Unity/Hub/Editor/2020.3.2f1/Unity.app/Contents/Frameworks/Mono/lib/libKernel32.bundle
Fallback handler could not load library /Applications/Unity/Hub/Editor/2020.3.2f1/Unity.app/Contents/Frameworks/Mono/lib/Kernel32
Fallback handler could not load library /Applications/Unity/Hub/Editor/2020.3.2f1/Unity.app/Contents/Frameworks/Mono/lib/libKernel32
Fallback handler could not load library /Applications/Unity/Hub/Editor/2020.3.2f1/Unity.app/Contents/Frameworks/Mono/lib/libKernel32.dylib
Fallback handler could not load library /Applications/Unity/Hub/Editor/2020.3.2f1/Unity.app/Contents/Frameworks/Mono/lib/libKernel32.so
Fallback handler could not load library /Applications/Unity/Hub/Editor/2020.3.2f1/Unity.app/Contents/Frameworks/Mono/lib/libKernel32.bundle
Fallback handler could not load library /Applications/Unity/Hub/Editor/2020.3.2f1/Unity.app/Contents/Frameworks/Mono/lib/libKernel32
Native extension for OSXStandalone target not found
Refreshing native plugins compatible for Editor in 0.23 ms, found 1 plugins.
Preloading 0 native plugins for Editor in 0.00 ms.
Invoked RoslynAnalysisRunner static constructor.
RoslynAnalysisRunner will not be running.
RoslynAnalysisRunner has terminated.
Mono: successfully reloaded assembly
- Completed reload, in  2.671 seconds
Platform modules already initialized, skipping
Refreshing native plugins compatible for Editor in 0.33 ms, found 1 plugins.
Preloading 0 native plugins for Editor in 0.00 ms.
Unloading 1663 Unused Serialized files (Serialized files now loaded: 0)
System memory in use before: 146.6 MB.
System memory in use after: 146.7 MB.

Unloading 5 unused Assets to reduce memory usage. Loaded Objects now: 2134.
Total: 3.739500 ms (FindLiveObjects: 0.453167 ms CreateObjectMapping: 0.040167 ms MarkObjects: 3.183042 ms  DeleteObjects: 0.062000 ms)

========================================================================
Received Prepare
Registering precompiled user dll's ...
Registered in 0.000387 seconds.
Begin MonoManager ReloadAssembly
Fallback handler could not load library /Applications/Unity/Hub/Editor/2020.3.2f1/Unity.app/Contents/Frameworks/Mono/lib/libKernel32
Fallback handler could not load library /Applications/Unity/Hub/Editor/2020.3.2f1/Unity.app/Contents/Frameworks/Mono/lib/libKernel32.dylib
Fallback handler could not load library /Applications/Unity/Hub/Editor/2020.3.2f1/Unity.app/Contents/Frameworks/Mono/lib/libKernel32.so
Fallback handler could not load library /Applications/Unity/Hub/Editor/2020.3.2f1/Unity.app/Contents/Frameworks/Mono/lib/libKernel32.bundle
Fallback handler could not load library /Applications/Unity/Hub/Editor/2020.3.2f1/Unity.app/Contents/Frameworks/Mono/lib/Kernel32
Fallback handler could not load library /Applications/Unity/Hub/Editor/2020.3.2f1/Unity.app/Contents/Frameworks/Mono/lib/libKernel32
Fallback handler could not load library /Applications/Unity/Hub/Editor/2020.3.2f1/Unity.app/Contents/Frameworks/Mono/lib/libKernel32.dylib
Fallback handler could not load library /Applications/Unity/Hub/Editor/2020.3.2f1/Unity.app/Contents/Frameworks/Mono/lib/libKernel32.so
Fallback handler could not load library /Applications/Unity/Hub/Editor/2020.3.2f1/Unity.app/Contents/Frameworks/Mono/lib/libKernel32.bundle
Fallback handler could not load library /Applications/Unity/Hub/Editor/2020.3.2f1/Unity.app/Contents/Frameworks/Mono/lib/libKernel32
Native extension for OSXStandalone target not found
Refreshing native plugins compatible for Editor in 0.23 ms, found 1 plugins.
Preloading 0 native plugins for Editor in 0.00 ms.
Invoked RoslynAnalysisRunner static constructor.
RoslynAnalysisRunner will not be running.
RoslynAnalysisRunner has terminated.
Mono: successfully reloaded assembly
- Completed reload, in  2.623 seconds
Platform modules already initialized, skipping
Refreshing native plugins compatible for Editor in 0.23 ms, found 1 plugins.
Preloading 0 native plugins for Editor in 0.00 ms.
Unloading 1663 Unused Serialized files (Serialized files now loaded: 0)
System memory in use before: 146.9 MB.
System memory in use after: 146.9 MB.

Unloading 5 unused Assets to reduce memory usage. Loaded Objects now: 2137.
Total: 3.629458 ms (FindLiveObjects: 0.449583 ms CreateObjectMapping: 0.035958 ms MarkObjects: 3.079792 ms  DeleteObjects: 0.062667 ms)

========================================================================
Received Prepare
Registering precompiled user dll's ...
Registered in 0.000822 seconds.
Begin MonoManager ReloadAssembly
Native extension for OSXStandalone target not found
Refreshing native plugins compatible for Editor in 0.52 ms, found 1 plugins.
Preloading 0 native plugins for Editor in 0.00 ms.
Invoked RoslynAnalysisRunner static constructor.
RoslynAnalysisRunner will not be running.
RoslynAnalysisRunner has terminated.
Mono: successfully reloaded assembly
- Completed reload, in  2.907 seconds
Platform modules already initialized, skipping
Refreshing native plugins compatible for Editor in 0.22 ms, found 1 plugins.
Preloading 0 native plugins for Editor in 0.00 ms.
Unloading 1280 Unused Serialized files (Serialized files now loaded: 0)
System memory in use before: 135.3 MB.
System memory in use after: 135.4 MB.

Unloading 126 unused Assets to reduce memory usage. Loaded Objects now: 2037.
Total: 6.657166 ms (FindLiveObjects: 0.591500 ms CreateObjectMapping: 0.062584 ms MarkObjects: 5.124625 ms  DeleteObjects: 0.875666 ms)

========================================================================
Received Import Request.
  Time since last request: 9509.860225 seconds.
  path: Assets/Scenes/DwnScene.unity
  artifactKey: Guid(bb9c79a0c97a0407390de31263bfa18d) Importer(815301076,1909f56bfc062723c751e8b465ee728b)
Start importing Assets/Scenes/DwnScene.unity using Guid(bb9c79a0c97a0407390de31263bfa18d) Importer(815301076,1909f56bfc062723c751e8b465ee728b)  -> (artifact id: '1c673e7d22021ab8bc5ef9373bab6f8b') in 0.060924 seconds
  Import took 0.071340 seconds .

========================================================================
Received Import Request.
  Time since last request: 0.008246 seconds.
  path: Assets/Scenes/DwnScene.unity
  artifactKey: Guid(bb9c79a0c97a0407390de31263bfa18d) Importer(815301076,1909f56bfc062723c751e8b465ee728b)
Start importing Assets/Scenes/DwnScene.unity using Guid(bb9c79a0c97a0407390de31263bfa18d) Importer(815301076,1909f56bfc062723c751e8b465ee728b)  -> (artifact id: '1c673e7d22021ab8bc5ef9373bab6f8b') in 0.001718 seconds
  Import took 0.003914 seconds .

========================================================================
Received Import Request.
  Time since last request: 396.542861 seconds.
  path: Assets/Scenes/DwnScene.unity
  artifactKey: Guid(bb9c79a0c97a0407390de31263bfa18d) Importer(815301076,1909f56bfc062723c751e8b465ee728b)
Start importing Assets/Scenes/DwnScene.unity using Guid(bb9c79a0c97a0407390de31263bfa18d) Importer(815301076,1909f56bfc062723c751e8b465ee728b)  -> (artifact id: '4f7617ba2a722e4a1550490b3190a5aa') in 0.010108 seconds
  Import took 0.030020 seconds .

========================================================================
Received Prepare
Refreshing native plugins compatible for Editor in 1.12 ms, found 1 plugins.
Preloading 0 native plugins for Editor in 0.00 ms.
Unloading 3 Unused Serialized files (Serialized files now loaded: 0)
System memory in use before: 108.8 MB.
System memory in use after: 108.9 MB.

Unloading 3 unused Assets to reduce memory usage. Loaded Objects now: 2037.
Total: 7.440208 ms (FindLiveObjects: 0.620792 ms CreateObjectMapping: 0.032875 ms MarkObjects: 6.305500 ms  DeleteObjects: 0.479750 ms)

========================================================================
Received Prepare
Refreshing native plugins compatible for Editor in 0.36 ms, found 1 plugins.
Preloading 0 native plugins for Editor in 0.00 ms.
Unloading 3 Unused Serialized files (Serialized files now loaded: 0)
System memory in use before: 108.8 MB.
System memory in use after: 108.9 MB.

Unloading 3 unused Assets to reduce memory usage. Loaded Objects now: 2037.
Total: 1.520709 ms (FindLiveObjects: 0.155125 ms CreateObjectMapping: 0.030375 ms MarkObjects: 1.288792 ms  DeleteObjects: 0.045625 ms)

========================================================================
Received Prepare
Refreshing native plugins compatible for Editor in 0.42 ms, found 1 plugins.
Preloading 0 native plugins for Editor in 0.00 ms.
Unloading 3 Unused Serialized files (Serialized files now loaded: 0)
System memory in use before: 108.8 MB.
System memory in use after: 108.9 MB.

Unloading 3 unused Assets to reduce memory usage. Loaded Objects now: 2037.
Total: 1.674250 ms (FindLiveObjects: 0.181375 ms CreateObjectMapping: 0.029667 ms MarkObjects: 1.415583 ms  DeleteObjects: 0.046416 ms)

========================================================================
Received Prepare
Refreshing native plugins compatible for Editor in 0.39 ms, found 1 plugins.
Preloading 0 native plugins for Editor in 0.00 ms.
Unloading 3 Unused Serialized files (Serialized files now loaded: 0)
System memory in use before: 108.8 MB.
System memory in use after: 108.9 MB.

Unloading 3 unused Assets to reduce memory usage. Loaded Objects now: 2037.
Total: 10.335708 ms (FindLiveObjects: 0.388542 ms CreateObjectMapping: 0.030500 ms MarkObjects: 9.826250 ms  DeleteObjects: 0.089458 ms)

========================================================================
Received Prepare
Refreshing native plugins compatible for Editor in 0.38 ms, found 1 plugins.
Preloading 0 native plugins for Editor in 0.00 ms.
Unloading 3 Unused Serialized files (Serialized files now loaded: 0)
System memory in use before: 109.3 MB.
System memory in use after: 109.4 MB.

Unloading 3 unused Assets to reduce memory usage. Loaded Objects now: 2037.
Total: 3.613167 ms (FindLiveObjects: 0.119959 ms CreateObjectMapping: 0.031625 ms MarkObjects: 3.054584 ms  DeleteObjects: 0.406125 ms)

========================================================================
Received Prepare
Refreshing native plugins compatible for Editor in 0.36 ms, found 1 plugins.
Preloading 0 native plugins for Editor in 0.00 ms.
Unloading 3 Unused Serialized files (Serialized files now loaded: 0)
System memory in use before: 109.3 MB.
System memory in use after: 109.4 MB.

Unloading 3 unused Assets to reduce memory usage. Loaded Objects now: 2037.
Total: 1.482500 ms (FindLiveObjects: 0.119750 ms CreateObjectMapping: 0.031000 ms MarkObjects: 1.280125 ms  DeleteObjects: 0.050708 ms)

========================================================================
Received Prepare
Refreshing native plugins compatible for Editor in 0.35 ms, found 1 plugins.
Preloading 0 native plugins for Editor in 0.00 ms.
Unloading 3 Unused Serialized files (Serialized files now loaded: 0)
System memory in use before: 109.4 MB.
System memory in use after: 109.4 MB.

Unloading 3 unused Assets to reduce memory usage. Loaded Objects now: 2037.
Total: 1.487334 ms (FindLiveObjects: 0.128875 ms CreateObjectMapping: 0.030334 ms MarkObjects: 1.288542 ms  DeleteObjects: 0.038959 ms)

========================================================================
Received Prepare
Refreshing native plugins compatible for Editor in 0.38 ms, found 1 plugins.
Preloading 0 native plugins for Editor in 0.00 ms.
Unloading 3 Unused Serialized files (Serialized files now loaded: 0)
System memory in use before: 109.0 MB.
System memory in use after: 109.1 MB.

Unloading 3 unused Assets to reduce memory usage. Loaded Objects now: 2037.
Total: 5.579083 ms (FindLiveObjects: 0.310750 ms CreateObjectMapping: 0.030417 ms MarkObjects: 5.172125 ms  DeleteObjects: 0.065083 ms)

========================================================================
Received Prepare
Refreshing native plugins compatible for Editor in 0.33 ms, found 1 plugins.
Preloading 0 native plugins for Editor in 0.00 ms.
Unloading 3 Unused Serialized files (Serialized files now loaded: 0)
System memory in use before: 109.0 MB.
System memory in use after: 109.1 MB.

Unloading 3 unused Assets to reduce memory usage. Loaded Objects now: 2037.
Total: 1.404000 ms (FindLiveObjects: 0.126042 ms CreateObjectMapping: 0.031500 ms MarkObjects: 1.203959 ms  DeleteObjects: 0.041542 ms)

========================================================================
Received Prepare
Refreshing native plugins compatible for Editor in 0.31 ms, found 1 plugins.
Preloading 0 native plugins for Editor in 0.00 ms.
Unloading 3 Unused Serialized files (Serialized files now loaded: 0)
System memory in use before: 109.0 MB.
System memory in use after: 109.1 MB.

Unloading 3 unused Assets to reduce memory usage. Loaded Objects now: 2037.
Total: 4.031750 ms (FindLiveObjects: 0.113208 ms CreateObjectMapping: 0.031000 ms MarkObjects: 3.837417 ms  DeleteObjects: 0.049083 ms)

========================================================================
Received Prepare
Refreshing native plugins compatible for Editor in 0.42 ms, found 1 plugins.
Preloading 0 native plugins for Editor in 0.00 ms.
Unloading 3 Unused Serialized files (Serialized files now loaded: 0)
System memory in use before: 109.4 MB.
System memory in use after: 109.5 MB.

Unloading 3 unused Assets to reduce memory usage. Loaded Objects now: 2037.
Total: 1.378916 ms (FindLiveObjects: 0.116125 ms CreateObjectMapping: 0.030083 ms MarkObjects: 1.188250 ms  DeleteObjects: 0.043584 ms)

========================================================================
Received Prepare
Refreshing native plugins compatible for Editor in 0.37 ms, found 1 plugins.
Preloading 0 native plugins for Editor in 0.00 ms.
Unloading 3 Unused Serialized files (Serialized files now loaded: 0)
System memory in use before: 109.4 MB.
System memory in use after: 109.5 MB.

Unloading 3 unused Assets to reduce memory usage. Loaded Objects now: 2037.
Total: 1.418333 ms (FindLiveObjects: 0.128791 ms CreateObjectMapping: 0.030084 ms MarkObjects: 1.214917 ms  DeleteObjects: 0.043708 ms)

========================================================================
Received Prepare
Refreshing native plugins compatible for Editor in 0.34 ms, found 1 plugins.
Preloading 0 native plugins for Editor in 0.00 ms.
Unloading 3 Unused Serialized files (Serialized files now loaded: 0)
System memory in use before: 109.4 MB.
System memory in use after: 109.5 MB.

Unloading 3 unused Assets to reduce memory usage. Loaded Objects now: 2037.
Total: 1.423916 ms (FindLiveObjects: 0.157833 ms CreateObjectMapping: 0.029125 ms MarkObjects: 1.193000 ms  DeleteObjects: 0.043209 ms)

========================================================================
Received Prepare
Registering precompiled user dll's ...
Registered in 0.001365 seconds.
Begin MonoManager ReloadAssembly
Native extension for OSXStandalone target not found
Refreshing native plugins compatible for Editor in 0.36 ms, found 1 plugins.
Preloading 0 native plugins for Editor in 0.00 ms.
Invoked RoslynAnalysisRunner static constructor.
RoslynAnalysisRunner will not be running.
RoslynAnalysisRunner has terminated.
Mono: successfully reloaded assembly
- Completed reload, in  2.832 seconds
Platform modules already initialized, skipping
Refreshing native plugins compatible for Editor in 0.40 ms, found 1 plugins.
Preloading 0 native plugins for Editor in 0.00 ms.
Unloading 1280 Unused Serialized files (Serialized files now loaded: 0)
System memory in use before: 134.7 MB.
System memory in use after: 134.8 MB.

Unloading 5 unused Assets to reduce memory usage. Loaded Objects now: 2040.
Total: 4.692000 ms (FindLiveObjects: 0.638167 ms CreateObjectMapping: 0.072625 ms MarkObjects: 3.902375 ms  DeleteObjects: 0.076875 ms)

========================================================================
Received Prepare
Registering precompiled user dll's ...
Registered in 0.000321 seconds.
Begin MonoManager ReloadAssembly
Native extension for OSXStandalone target not found
Refreshing native plugins compatible for Editor in 0.20 ms, found 1 plugins.
Preloading 0 native plugins for Editor in 0.00 ms.
Invoked RoslynAnalysisRunner static constructor.
RoslynAnalysisRunner will not be running.
RoslynAnalysisRunner has terminated.
Mono: successfully reloaded assembly
- Completed reload, in  2.498 seconds
Platform modules already initialized, skipping
Refreshing native plugins compatible for Editor in 0.19 ms, found 1 plugins.
Preloading 0 native plugins for Editor in 0.00 ms.
Unloading 1280 Unused Serialized files (Serialized files now loaded: 0)
System memory in use before: 134.9 MB.
System memory in use after: 134.9 MB.

Unloading 5 unused Assets to reduce memory usage. Loaded Objects now: 2043.
Total: 1.370167 ms (FindLiveObjects: 0.162916 ms CreateObjectMapping: 0.031000 ms MarkObjects: 1.112417 ms  DeleteObjects: 0.062625 ms)

========================================================================
Received Prepare
Registering precompiled user dll's ...
Registered in 0.000345 seconds.
Begin MonoManager ReloadAssembly
Native extension for OSXStandalone target not found
Refreshing native plugins compatible for Editor in 0.20 ms, found 1 plugins.
Preloading 0 native plugins for Editor in 0.00 ms.
Invoked RoslynAnalysisRunner static constructor.
RoslynAnalysisRunner will not be running.
RoslynAnalysisRunner has terminated.
Mono: successfully reloaded assembly
- Completed reload, in  2.607 seconds
Platform modules already initialized, skipping
Refreshing native plugins compatible for Editor in 0.20 ms, found 1 plugins.
Preloading 0 native plugins for Editor in 0.00 ms.
Unloading 1280 Unused Serialized files (Serialized files now loaded: 0)
System memory in use before: 135.1 MB.
System memory in use after: 135.1 MB.

Unloading 5 unused Assets to reduce memory usage. Loaded Objects now: 2046.
Total: 2.083917 ms (FindLiveObjects: 0.257250 ms CreateObjectMapping: 0.058333 ms MarkObjects: 1.694084 ms  DeleteObjects: 0.072958 ms)

========================================================================
Received Prepare
Registering precompiled user dll's ...
Registered in 0.000908 seconds.
Begin MonoManager ReloadAssembly
Native extension for OSXStandalone target not found
Refreshing native plugins compatible for Editor in 0.22 ms, found 1 plugins.
Preloading 0 native plugins for Editor in 0.00 ms.
Invoked RoslynAnalysisRunner static constructor.
RoslynAnalysisRunner will not be running.
RoslynAnalysisRunner has terminated.
Mono: successfully reloaded assembly
- Completed reload, in  2.596 seconds
Platform modules already initialized, skipping
Refreshing native plugins compatible for Editor in 0.20 ms, found 1 plugins.
Preloading 0 native plugins for Editor in 0.00 ms.
Unloading 1280 Unused Serialized files (Serialized files now loaded: 0)
System memory in use before: 135.2 MB.
System memory in use after: 135.3 MB.

Unloading 5 unused Assets to reduce memory usage. Loaded Objects now: 2049.
Total: 4.175958 ms (FindLiveObjects: 0.499959 ms CreateObjectMapping: 0.053625 ms MarkObjects: 3.525000 ms  DeleteObjects: 0.096250 ms)

========================================================================
Received Prepare
Registering precompiled user dll's ...
Registered in 0.000502 seconds.
Begin MonoManager ReloadAssembly
Native extension for OSXStandalone target not found
Refreshing native plugins compatible for Editor in 0.39 ms, found 1 plugins.
Preloading 0 native plugins for Editor in 0.00 ms.
Invoked RoslynAnalysisRunner static constructor.
RoslynAnalysisRunner will not be running.
RoslynAnalysisRunner has terminated.
Mono: successfully reloaded assembly
- Completed reload, in  2.987 seconds
Platform modules already initialized, skipping
Refreshing native plugins compatible for Editor in 0.56 ms, found 1 plugins.
Preloading 0 native plugins for Editor in 0.00 ms.
Unloading 1280 Unused Serialized files (Serialized files now loaded: 0)
System memory in use before: 135.4 MB.
System memory in use after: 135.5 MB.

Unloading 5 unused Assets to reduce memory usage. Loaded Objects now: 2052.
Total: 2.388834 ms (FindLiveObjects: 0.226750 ms CreateObjectMapping: 0.056833 ms MarkObjects: 2.033666 ms  DeleteObjects: 0.070500 ms)

========================================================================
Received Prepare
Registering precompiled user dll's ...
Registered in 0.000867 seconds.
Begin MonoManager ReloadAssembly
Native extension for OSXStandalone target not found
Refreshing native plugins compatible for Editor in 4.90 ms, found 1 plugins.
Preloading 0 native plugins for Editor in 0.00 ms.
Invoked RoslynAnalysisRunner static constructor.
RoslynAnalysisRunner will not be running.
RoslynAnalysisRunner has terminated.
Mono: successfully reloaded assembly
- Completed reload, in  2.768 seconds
Platform modules already initialized, skipping
Refreshing native plugins compatible for Editor in 0.24 ms, found 1 plugins.
Preloading 0 native plugins for Editor in 0.00 ms.
Unloading 1280 Unused Serialized files (Serialized files now loaded: 0)
System memory in use before: 135.8 MB.
System memory in use after: 135.9 MB.

Unloading 5 unused Assets to reduce memory usage. Loaded Objects now: 2055.
Total: 2.083958 ms (FindLiveObjects: 0.225958 ms CreateObjectMapping: 0.057500 ms MarkObjects: 1.299042 ms  DeleteObjects: 0.500334 ms)

========================================================================
Received Prepare
Registering precompiled user dll's ...
Registered in 0.000444 seconds.
Begin MonoManager ReloadAssembly
Native extension for OSXStandalone target not found
Refreshing native plugins compatible for Editor in 0.62 ms, found 1 plugins.
Preloading 0 native plugins for Editor in 0.00 ms.
Invoked RoslynAnalysisRunner static constructor.
RoslynAnalysisRunner will not be running.
RoslynAnalysisRunner has terminated.
Mono: successfully reloaded assembly
- Completed reload, in  2.838 seconds
Platform modules already initialized, skipping
Refreshing native plugins compatible for Editor in 0.20 ms, found 1 plugins.
Preloading 0 native plugins for Editor in 0.00 ms.
Unloading 1280 Unused Serialized files (Serialized files now loaded: 0)
System memory in use before: 136.1 MB.
System memory in use after: 136.2 MB.

Unloading 5 unused Assets to reduce memory usage. Loaded Objects now: 2058.
Total: 1.711208 ms (FindLiveObjects: 0.169042 ms CreateObjectMapping: 0.052875 ms MarkObjects: 1.427333 ms  DeleteObjects: 0.061291 ms)

========================================================================
Received Prepare
Registering precompiled user dll's ...
Registered in 0.000321 seconds.
Begin MonoManager ReloadAssembly
Native extension for OSXStandalone target not found
Refreshing native plugins compatible for Editor in 0.20 ms, found 1 plugins.
Preloading 0 native plugins for Editor in 0.00 ms.
Invoked RoslynAnalysisRunner static constructor.
RoslynAnalysisRunner will not be running.
RoslynAnalysisRunner has terminated.
Mono: successfully reloaded assembly
- Completed reload, in  2.276 seconds
Platform modules already initialized, skipping
Refreshing native plugins compatible for Editor in 0.21 ms, found 1 plugins.
Preloading 0 native plugins for Editor in 0.00 ms.
Unloading 1280 Unused Serialized files (Serialized files now loaded: 0)
System memory in use before: 136.4 MB.
System memory in use after: 136.5 MB.

Unloading 5 unused Assets to reduce memory usage. Loaded Objects now: 2061.
Total: 1.317333 ms (FindLiveObjects: 0.170667 ms CreateObjectMapping: 0.033667 ms MarkObjects: 1.057042 ms  DeleteObjects: 0.055083 ms)

========================================================================
Received Import Request.
  Time since last request: 2912.620912 seconds.
  path: Assets/Scenes/DwnScene1.unity
  artifactKey: Guid(bb9c79a0c97a0407390de31263bfa18d) Importer(815301076,1909f56bfc062723c751e8b465ee728b)
Start importing Assets/Scenes/DwnScene1.unity using Guid(bb9c79a0c97a0407390de31263bfa18d) Importer(815301076,1909f56bfc062723c751e8b465ee728b)  -> (artifact id: 'de57f54964cb38dc536f0c7ef92c5055') in 0.036919 seconds
  Import took 0.049845 seconds .

========================================================================
Received Prepare
Registering precompiled user dll's ...
Registered in 0.011657 seconds.
Begin MonoManager ReloadAssembly
Native extension for OSXStandalone target not found
Refreshing native plugins compatible for Editor in 0.21 ms, found 1 plugins.
Preloading 0 native plugins for Editor in 0.00 ms.
Invoked RoslynAnalysisRunner static constructor.
RoslynAnalysisRunner will not be running.
RoslynAnalysisRunner has terminated.
Mono: successfully reloaded assembly
- Completed reload, in  2.092 seconds
Platform modules already initialized, skipping
Refreshing native plugins compatible for Editor in 0.16 ms, found 1 plugins.
Preloading 0 native plugins for Editor in 0.00 ms.
Unloading 1280 Unused Serialized files (Serialized files now loaded: 0)
System memory in use before: 136.6 MB.
System memory in use after: 136.7 MB.

Unloading 5 unused Assets to reduce memory usage. Loaded Objects now: 2064.
Total: 1.282792 ms (FindLiveObjects: 0.166292 ms CreateObjectMapping: 0.030917 ms MarkObjects: 1.028791 ms  DeleteObjects: 0.055666 ms)

========================================================================
Received Prepare
Registering precompiled user dll's ...
Registered in 0.000589 seconds.
Begin MonoManager ReloadAssembly
Native extension for OSXStandalone target not found
Refreshing native plugins compatible for Editor in 0.40 ms, found 1 plugins.
Preloading 0 native plugins for Editor in 0.00 ms.
Invoked RoslynAnalysisRunner static constructor.
RoslynAnalysisRunner will not be running.
RoslynAnalysisRunner has terminated.
Mono: successfully reloaded assembly
- Completed reload, in  2.739 seconds
Platform modules already initialized, skipping
Refreshing native plugins compatible for Editor in 0.22 ms, found 1 plugins.
Preloading 0 native plugins for Editor in 0.00 ms.
Unloading 1280 Unused Serialized files (Serialized files now loaded: 0)
System memory in use before: 136.8 MB.
System memory in use after: 136.8 MB.

Unloading 5 unused Assets to reduce memory usage. Loaded Objects now: 2067.
Total: 2.587333 ms (FindLiveObjects: 0.325209 ms CreateObjectMapping: 0.054083 ms MarkObjects: 2.136750 ms  DeleteObjects: 0.070250 ms)

========================================================================
Received Prepare
Registering precompiled user dll's ...
Registered in 0.000345 seconds.
Begin MonoManager ReloadAssembly
Native extension for OSXStandalone target not found
Refreshing native plugins compatible for Editor in 0.20 ms, found 1 plugins.
Preloading 0 native plugins for Editor in 0.00 ms.
Invoked RoslynAnalysisRunner static constructor.
RoslynAnalysisRunner will not be running.
RoslynAnalysisRunner has terminated.
Mono: successfully reloaded assembly
- Completed reload, in  2.229 seconds
Platform modules already initialized, skipping
Refreshing native plugins compatible for Editor in 0.20 ms, found 1 plugins.
Preloading 0 native plugins for Editor in 0.00 ms.
Unloading 1280 Unused Serialized files (Serialized files now loaded: 0)
System memory in use before: 137.2 MB.
System memory in use after: 137.3 MB.

Unloading 5 unused Assets to reduce memory usage. Loaded Objects now: 2070.
Total: 1.349042 ms (FindLiveObjects: 0.159959 ms CreateObjectMapping: 0.033541 ms MarkObjects: 1.098750 ms  DeleteObjects: 0.056208 ms)

========================================================================
Received Prepare
Registering precompiled user dll's ...
Registered in 0.000347 seconds.
Begin MonoManager ReloadAssembly
Native extension for OSXStandalone target not found
Refreshing native plugins compatible for Editor in 0.20 ms, found 1 plugins.
Preloading 0 native plugins for Editor in 0.00 ms.
Invoked RoslynAnalysisRunner static constructor.
RoslynAnalysisRunner will not be running.
RoslynAnalysisRunner has terminated.
Mono: successfully reloaded assembly
- Completed reload, in  2.212 seconds
Platform modules already initialized, skipping
Refreshing native plugins compatible for Editor in 0.20 ms, found 1 plugins.
Preloading 0 native plugins for Editor in 0.00 ms.
Unloading 1280 Unused Serialized files (Serialized files now loaded: 0)
System memory in use before: 137.4 MB.
System memory in use after: 137.4 MB.

Unloading 5 unused Assets to reduce memory usage. Loaded Objects now: 2073.
Total: 1.421459 ms (FindLiveObjects: 0.223042 ms CreateObjectMapping: 0.034958 ms MarkObjects: 1.100291 ms  DeleteObjects: 0.062084 ms)

========================================================================
Received Prepare
Registering precompiled user dll's ...
Registered in 0.007025 seconds.
Begin MonoManager ReloadAssembly
Native extension for OSXStandalone target not found
Refreshing native plugins compatible for Editor in 0.20 ms, found 1 plugins.
Preloading 0 native plugins for Editor in 0.00 ms.
Invoked RoslynAnalysisRunner static constructor.
RoslynAnalysisRunner will not be running.
RoslynAnalysisRunner has terminated.
Mono: successfully reloaded assembly
- Completed reload, in  2.100 seconds
Platform modules already initialized, skipping
Refreshing native plugins compatible for Editor in 0.16 ms, found 1 plugins.
Preloading 0 native plugins for Editor in 0.00 ms.
Unloading 1280 Unused Serialized files (Serialized files now loaded: 0)
System memory in use before: 137.6 MB.
System memory in use after: 137.6 MB.

Unloading 5 unused Assets to reduce memory usage. Loaded Objects now: 2076.
Total: 1.303667 ms (FindLiveObjects: 0.124625 ms CreateObjectMapping: 0.031209 ms MarkObjects: 1.095042 ms  DeleteObjects: 0.052042 ms)

========================================================================
Received Prepare
Refreshing native plugins compatible for Editor in 0.36 ms, found 1 plugins.
Preloading 0 native plugins for Editor in 0.00 ms.
Unloading 3 Unused Serialized files (Serialized files now loaded: 0)
System memory in use before: 111.9 MB.
System memory in use after: 112.0 MB.

Unloading 3 unused Assets to reduce memory usage. Loaded Objects now: 2076.
Total: 1.319042 ms (FindLiveObjects: 0.118792 ms CreateObjectMapping: 0.031083 ms MarkObjects: 1.125250 ms  DeleteObjects: 0.043459 ms)

========================================================================
Received Prepare
Refreshing native plugins compatible for Editor in 0.42 ms, found 1 plugins.
Preloading 0 native plugins for Editor in 0.00 ms.
Unloading 3 Unused Serialized files (Serialized files now loaded: 0)
System memory in use before: 111.9 MB.
System memory in use after: 112.0 MB.

Unloading 3 unused Assets to reduce memory usage. Loaded Objects now: 2076.
Total: 1.266208 ms (FindLiveObjects: 0.128416 ms CreateObjectMapping: 0.031459 ms MarkObjects: 1.065750 ms  DeleteObjects: 0.039750 ms)

========================================================================
Received Prepare
Refreshing native plugins compatible for Editor in 0.33 ms, found 1 plugins.
Preloading 0 native plugins for Editor in 0.00 ms.
Unloading 3 Unused Serialized files (Serialized files now loaded: 0)
System memory in use before: 111.9 MB.
System memory in use after: 112.0 MB.

Unloading 3 unused Assets to reduce memory usage. Loaded Objects now: 2076.
Total: 1.243000 ms (FindLiveObjects: 0.127959 ms CreateObjectMapping: 0.030708 ms MarkObjects: 1.041000 ms  DeleteObjects: 0.042791 ms)

========================================================================
Received Prepare
Refreshing native plugins compatible for Editor in 0.48 ms, found 1 plugins.
Preloading 0 native plugins for Editor in 0.00 ms.
Unloading 3 Unused Serialized files (Serialized files now loaded: 0)
System memory in use before: 111.9 MB.
System memory in use after: 112.0 MB.

Unloading 3 unused Assets to reduce memory usage. Loaded Objects now: 2076.
Total: 11.116459 ms (FindLiveObjects: 0.389375 ms CreateObjectMapping: 0.032750 ms MarkObjects: 10.594917 ms  DeleteObjects: 0.098583 ms)

========================================================================
Received Prepare
Refreshing native plugins compatible for Editor in 0.38 ms, found 1 plugins.
Preloading 0 native plugins for Editor in 0.00 ms.
Unloading 3 Unused Serialized files (Serialized files now loaded: 0)
System memory in use before: 112.4 MB.
System memory in use after: 112.5 MB.

Unloading 3 unused Assets to reduce memory usage. Loaded Objects now: 2076.
Total: 1.288500 ms (FindLiveObjects: 0.126791 ms CreateObjectMapping: 0.032292 ms MarkObjects: 1.075584 ms  DeleteObjects: 0.052958 ms)

========================================================================
Received Prepare
Refreshing native plugins compatible for Editor in 0.36 ms, found 1 plugins.
Preloading 0 native plugins for Editor in 0.00 ms.
Unloading 3 Unused Serialized files (Serialized files now loaded: 0)
System memory in use before: 112.4 MB.
System memory in use after: 112.4 MB.

Unloading 3 unused Assets to reduce memory usage. Loaded Objects now: 2076.
Total: 1.214125 ms (FindLiveObjects: 0.123917 ms CreateObjectMapping: 0.029833 ms MarkObjects: 1.019125 ms  DeleteObjects: 0.040292 ms)

========================================================================
Received Prepare
Refreshing native plugins compatible for Editor in 0.37 ms, found 1 plugins.
Preloading 0 native plugins for Editor in 0.00 ms.
Unloading 3 Unused Serialized files (Serialized files now loaded: 0)
System memory in use before: 112.4 MB.
System memory in use after: 112.5 MB.

Unloading 3 unused Assets to reduce memory usage. Loaded Objects now: 2076.
Total: 1.282833 ms (FindLiveObjects: 0.126541 ms CreateObjectMapping: 0.030541 ms MarkObjects: 1.080542 ms  DeleteObjects: 0.044000 ms)

========================================================================
Received Import Request.
  Time since last request: 414.945434 seconds.
  path: Assets/StreamingAssets/StandaloneOSX
  artifactKey: Guid(3353eabe307824fcba3786d9f9c6083e) Importer(815301076,1909f56bfc062723c751e8b465ee728b)
Start importing Assets/StreamingAssets/StandaloneOSX using Guid(3353eabe307824fcba3786d9f9c6083e) Importer(815301076,1909f56bfc062723c751e8b465ee728b)  -> (artifact id: '73f136f4026ed3f6c1f05f7814c6f8e1') in 0.013750 seconds
  Import took 0.026399 seconds .

========================================================================
Received Import Request.
  Time since last request: 0.054274 seconds.
  path: Assets/StreamingAssets/StandaloneOSX
  artifactKey: Guid(3353eabe307824fcba3786d9f9c6083e) Importer(815301076,1909f56bfc062723c751e8b465ee728b)
Start importing Assets/StreamingAssets/StandaloneOSX using Guid(3353eabe307824fcba3786d9f9c6083e) Importer(815301076,1909f56bfc062723c751e8b465ee728b)  -> (artifact id: '73f136f4026ed3f6c1f05f7814c6f8e1') in 0.000895 seconds
  Import took 0.002709 seconds .

========================================================================
Received Import Request.
  Time since last request: 0.993737 seconds.
  path: Assets/StreamingAssets/StandaloneOSX/defaultlocalgroup_assets_all_936ea68801617ea687d72eda53e38610.bundle
  artifactKey: Guid(2c246bbf8c92041e692bcadf857749d8) Importer(815301076,1909f56bfc062723c751e8b465ee728b)
Start importing Assets/StreamingAssets/StandaloneOSX/defaultlocalgroup_assets_all_936ea68801617ea687d72eda53e38610.bundle using Guid(2c246bbf8c92041e692bcadf857749d8) Importer(815301076,1909f56bfc062723c751e8b465ee728b)  -> (artifact id: 'a13f34ed91793df559f186442d136e99') in 0.516869 seconds
  Import took 0.519106 seconds .

========================================================================
Received Prepare
Registering precompiled user dll's ...
Registered in 0.000632 seconds.
Begin MonoManager ReloadAssembly
Native extension for OSXStandalone target not found
Refreshing native plugins compatible for Editor in 0.19 ms, found 1 plugins.
Preloading 0 native plugins for Editor in 0.00 ms.
Invoked RoslynAnalysisRunner static constructor.
RoslynAnalysisRunner will not be running.
RoslynAnalysisRunner has terminated.
Mono: successfully reloaded assembly
- Completed reload, in  2.065 seconds
Platform modules already initialized, skipping
Refreshing native plugins compatible for Editor in 0.14 ms, found 1 plugins.
Preloading 0 native plugins for Editor in 0.00 ms.
Unloading 1280 Unused Serialized files (Serialized files now loaded: 0)
System memory in use before: 142.1 MB.
System memory in use after: 142.1 MB.

Unloading 5 unused Assets to reduce memory usage. Loaded Objects now: 2079.
Total: 1.338833 ms (FindLiveObjects: 0.149625 ms CreateObjectMapping: 0.033667 ms MarkObjects: 1.106708 ms  DeleteObjects: 0.048041 ms)

========================================================================
Received Prepare
Registering precompiled user dll's ...
Registered in 0.001289 seconds.
Begin MonoManager ReloadAssembly
Native extension for OSXStandalone target not found
Refreshing native plugins compatible for Editor in 0.49 ms, found 1 plugins.
Preloading 0 native plugins for Editor in 0.00 ms.
Invoked RoslynAnalysisRunner static constructor.
RoslynAnalysisRunner will not be running.
RoslynAnalysisRunner has terminated.
Mono: successfully reloaded assembly
- Completed reload, in  2.482 seconds
Platform modules already initialized, skipping
Refreshing native plugins compatible for Editor in 0.16 ms, found 1 plugins.
Preloading 0 native plugins for Editor in 0.00 ms.
Unloading 1280 Unused Serialized files (Serialized files now loaded: 0)
System memory in use before: 142.3 MB.
System memory in use after: 142.4 MB.

Unloading 5 unused Assets to reduce memory usage. Loaded Objects now: 2082.
Total: 1.517500 ms (FindLiveObjects: 0.183125 ms CreateObjectMapping: 0.051250 ms MarkObjects: 1.218583 ms  DeleteObjects: 0.063625 ms)

========================================================================
Received Prepare
Refreshing native plugins compatible for Editor in 1.06 ms, found 1 plugins.
Preloading 0 native plugins for Editor in 0.00 ms.
Unloading 3 Unused Serialized files (Serialized files now loaded: 0)
System memory in use before: 117.3 MB.
System memory in use after: 117.4 MB.

Unloading 3 unused Assets to reduce memory usage. Loaded Objects now: 2082.
Total: 10.296292 ms (FindLiveObjects: 0.260958 ms CreateObjectMapping: 0.029916 ms MarkObjects: 9.916834 ms  DeleteObjects: 0.087875 ms)

========================================================================
Received Prepare
Registering precompiled user dll's ...
Registered in 0.000666 seconds.
Begin MonoManager ReloadAssembly
Native extension for OSXStandalone target not found
Refreshing native plugins compatible for Editor in 0.21 ms, found 1 plugins.
Preloading 0 native plugins for Editor in 0.00 ms.
Invoked RoslynAnalysisRunner static constructor.
RoslynAnalysisRunner will not be running.
RoslynAnalysisRunner has terminated.
Mono: successfully reloaded assembly
- Completed reload, in  2.435 seconds
Platform modules already initialized, skipping
Switching build target platform(2) subTarget(0) extendedPlatform(0) -> platform(13) subTarget(537395200) extendedPlatform(0)
Refreshing native plugins compatible for Editor in 0.32 ms, found 1 plugins.
Preloading 0 native plugins for Editor in 0.00 ms.
Unloading 1284 Unused Serialized files (Serialized files now loaded: 0)
System memory in use before: 142.3 MB.
System memory in use after: 142.3 MB.

Unloading 5 unused Assets to reduce memory usage. Loaded Objects now: 2085.
Total: 4.527625 ms (FindLiveObjects: 0.727834 ms CreateObjectMapping: 0.041416 ms MarkObjects: 3.675834 ms  DeleteObjects: 0.081292 ms)

AssetImportParameters requested are different than current active one (requested -> active):
  custom:graphics/normal-map-encoding: 01000000000000000000000000000000 -> 02000000000000000000000000000000
========================================================================
Received Prepare
Refreshing native plugins compatible for Editor in 0.38 ms, found 1 plugins.
Preloading 0 native plugins for Editor in 0.00 ms.
Unloading 3 Unused Serialized files (Serialized files now loaded: 0)
System memory in use before: 117.1 MB.
System memory in use after: 117.2 MB.

Unloading 3 unused Assets to reduce memory usage. Loaded Objects now: 2085.
Total: 1.290541 ms (FindLiveObjects: 0.186792 ms CreateObjectMapping: 0.030083 ms MarkObjects: 1.029041 ms  DeleteObjects: 0.043958 ms)

========================================================================
Received Prepare
Refreshing native plugins compatible for Editor in 0.70 ms, found 1 plugins.
Preloading 0 native plugins for Editor in 0.00 ms.
Unloading 3 Unused Serialized files (Serialized files now loaded: 0)
System memory in use before: 117.4 MB.
System memory in use after: 117.5 MB.

Unloading 3 unused Assets to reduce memory usage. Loaded Objects now: 2085.
Total: 14.534250 ms (FindLiveObjects: 0.720917 ms CreateObjectMapping: 0.030500 ms MarkObjects: 13.706125 ms  DeleteObjects: 0.076167 ms)

========================================================================
Received Prepare
Refreshing native plugins compatible for Editor in 0.78 ms, found 1 plugins.
Preloading 0 native plugins for Editor in 0.00 ms.
Unloading 3 Unused Serialized files (Serialized files now loaded: 0)
System memory in use before: 117.7 MB.
System memory in use after: 117.8 MB.

Unloading 3 unused Assets to reduce memory usage. Loaded Objects now: 2085.
Total: 6.397958 ms (FindLiveObjects: 0.534417 ms CreateObjectMapping: 0.034333 ms MarkObjects: 5.738459 ms  DeleteObjects: 0.089000 ms)

========================================================================
Received Prepare
Registering precompiled user dll's ...
Registered in 0.000769 seconds.
Begin MonoManager ReloadAssembly
Native extension for OSXStandalone target not found
Refreshing native plugins compatible for Editor in 0.52 ms, found 1 plugins.
Preloading 0 native plugins for Editor in 0.00 ms.
Invoked RoslynAnalysisRunner static constructor.
RoslynAnalysisRunner will not be running.
RoslynAnalysisRunner has terminated.
Mono: successfully reloaded assembly
- Completed reload, in  2.959 seconds
Platform modules already initialized, skipping
Switching build target platform(2) subTarget(0) extendedPlatform(0) -> platform(13) subTarget(537395200) extendedPlatform(0)
Refreshing native plugins compatible for Editor in 0.20 ms, found 1 plugins.
Preloading 0 native plugins for Editor in 0.00 ms.
Unloading 1284 Unused Serialized files (Serialized files now loaded: 0)
System memory in use before: 143.0 MB.
System memory in use after: 143.1 MB.

Unloading 5 unused Assets to reduce memory usage. Loaded Objects now: 2088.
Total: 8.045791 ms (FindLiveObjects: 0.920625 ms CreateObjectMapping: 0.046625 ms MarkObjects: 6.678750 ms  DeleteObjects: 0.397875 ms)

AssetImportParameters requested are different than current active one (requested -> active):
  custom:graphics/normal-map-encoding: 01000000000000000000000000000000 -> 02000000000000000000000000000000
========================================================================
Received Prepare
Refreshing native plugins compatible for Editor in 1.51 ms, found 1 plugins.
Preloading 0 native plugins for Editor in 0.00 ms.
Unloading 3 Unused Serialized files (Serialized files now loaded: 0)
System memory in use before: 118.1 MB.
System memory in use after: 118.2 MB.

Unloading 3 unused Assets to reduce memory usage. Loaded Objects now: 2088.
Total: 13.583500 ms (FindLiveObjects: 0.634500 ms CreateObjectMapping: 0.034042 ms MarkObjects: 12.815333 ms  DeleteObjects: 0.097166 ms)

========================================================================
Received Prepare
Refreshing native plugins compatible for Editor in 0.74 ms, found 1 plugins.
Preloading 0 native plugins for Editor in 0.00 ms.
Unloading 3 Unused Serialized files (Serialized files now loaded: 0)
System memory in use before: 118.5 MB.
System memory in use after: 118.6 MB.

Unloading 3 unused Assets to reduce memory usage. Loaded Objects now: 2088.
Total: 16.101083 ms (FindLiveObjects: 0.440333 ms CreateObjectMapping: 0.031542 ms MarkObjects: 14.541125 ms  DeleteObjects: 1.087292 ms)

========================================================================
Received Prepare
Refreshing native plugins compatible for Editor in 0.38 ms, found 1 plugins.
Preloading 0 native plugins for Editor in 0.00 ms.
Unloading 3 Unused Serialized files (Serialized files now loaded: 0)
System memory in use before: 118.5 MB.
System memory in use after: 118.6 MB.

Unloading 3 unused Assets to reduce memory usage. Loaded Objects now: 2088.
Total: 1.340208 ms (FindLiveObjects: 0.139250 ms CreateObjectMapping: 0.031750 ms MarkObjects: 1.121875 ms  DeleteObjects: 0.046625 ms)

========================================================================
Received Prepare
Refreshing native plugins compatible for Editor in 0.67 ms, found 1 plugins.
Preloading 0 native plugins for Editor in 0.00 ms.
Unloading 3 Unused Serialized files (Serialized files now loaded: 0)
System memory in use before: 118.5 MB.
System memory in use after: 118.6 MB.

Unloading 3 unused Assets to reduce memory usage. Loaded Objects now: 2088.
Total: 1.658167 ms (FindLiveObjects: 0.158667 ms CreateObjectMapping: 0.035708 ms MarkObjects: 1.398375 ms  DeleteObjects: 0.064041 ms)

========================================================================
Received Prepare
Refreshing native plugins compatible for Editor in 0.56 ms, found 1 plugins.
Preloading 0 native plugins for Editor in 0.00 ms.
Unloading 3 Unused Serialized files (Serialized files now loaded: 0)
System memory in use before: 118.5 MB.
System memory in use after: 118.6 MB.

Unloading 3 unused Assets to reduce memory usage. Loaded Objects now: 2088.
Total: 12.658667 ms (FindLiveObjects: 0.564333 ms CreateObjectMapping: 0.030834 ms MarkObjects: 11.980791 ms  DeleteObjects: 0.081792 ms)

========================================================================
Received Prepare
Refreshing native plugins compatible for Editor in 0.32 ms, found 1 plugins.
Preloading 0 native plugins for Editor in 0.00 ms.
Unloading 3 Unused Serialized files (Serialized files now loaded: 0)
System memory in use before: 118.2 MB.
System memory in use after: 118.3 MB.

Unloading 3 unused Assets to reduce memory usage. Loaded Objects now: 2088.
Total: 1.300167 ms (FindLiveObjects: 0.135125 ms CreateObjectMapping: 0.034209 ms MarkObjects: 1.076750 ms  DeleteObjects: 0.053208 ms)

========================================================================
Received Prepare
Refreshing native plugins compatible for Editor in 0.39 ms, found 1 plugins.
Preloading 0 native plugins for Editor in 0.00 ms.
Unloading 3 Unused Serialized files (Serialized files now loaded: 0)
System memory in use before: 118.2 MB.
System memory in use after: 118.3 MB.

Unloading 3 unused Assets to reduce memory usage. Loaded Objects now: 2088.
Total: 1.275667 ms (FindLiveObjects: 0.133750 ms CreateObjectMapping: 0.031250 ms MarkObjects: 1.060834 ms  DeleteObjects: 0.048917 ms)

========================================================================
Received Prepare
Refreshing native plugins compatible for Editor in 0.47 ms, found 1 plugins.
Preloading 0 native plugins for Editor in 0.00 ms.
Unloading 3 Unused Serialized files (Serialized files now loaded: 0)
System memory in use before: 118.2 MB.
System memory in use after: 118.3 MB.

Unloading 3 unused Assets to reduce memory usage. Loaded Objects now: 2088.
Total: 3.334000 ms (FindLiveObjects: 0.170791 ms CreateObjectMapping: 0.033750 ms MarkObjects: 2.997250 ms  DeleteObjects: 0.130250 ms)

========================================================================
Received Prepare
Refreshing native plugins compatible for Editor in 0.43 ms, found 1 plugins.
Preloading 0 native plugins for Editor in 0.00 ms.
Unloading 3 Unused Serialized files (Serialized files now loaded: 0)
System memory in use before: 118.6 MB.
System memory in use after: 118.7 MB.

Unloading 3 unused Assets to reduce memory usage. Loaded Objects now: 2088.
Total: 6.095500 ms (FindLiveObjects: 0.481375 ms CreateObjectMapping: 0.031958 ms MarkObjects: 5.501500 ms  DeleteObjects: 0.077584 ms)

========================================================================
Received Prepare
Refreshing native plugins compatible for Editor in 0.39 ms, found 1 plugins.
Preloading 0 native plugins for Editor in 0.00 ms.
Unloading 3 Unused Serialized files (Serialized files now loaded: 0)
System memory in use before: 118.6 MB.
System memory in use after: 118.7 MB.

Unloading 3 unused Assets to reduce memory usage. Loaded Objects now: 2088.
Total: 1.312917 ms (FindLiveObjects: 0.124542 ms CreateObjectMapping: 0.031750 ms MarkObjects: 1.106000 ms  DeleteObjects: 0.049625 ms)

========================================================================
Received Prepare
Refreshing native plugins compatible for Editor in 0.94 ms, found 1 plugins.
Preloading 0 native plugins for Editor in 0.00 ms.
Unloading 3 Unused Serialized files (Serialized files now loaded: 0)
System memory in use before: 118.6 MB.
System memory in use after: 118.7 MB.

Unloading 3 unused Assets to reduce memory usage. Loaded Objects now: 2088.
Total: 2.281625 ms (FindLiveObjects: 0.126667 ms CreateObjectMapping: 0.032125 ms MarkObjects: 2.057208 ms  DeleteObjects: 0.064833 ms)

========================================================================
Received Prepare
Refreshing native plugins compatible for Editor in 0.47 ms, found 1 plugins.
Preloading 0 native plugins for Editor in 0.00 ms.
Unloading 3 Unused Serialized files (Serialized files now loaded: 0)
System memory in use before: 118.6 MB.
System memory in use after: 118.7 MB.

Unloading 3 unused Assets to reduce memory usage. Loaded Objects now: 2088.
Total: 5.962875 ms (FindLiveObjects: 0.604416 ms CreateObjectMapping: 0.032000 ms MarkObjects: 5.197917 ms  DeleteObjects: 0.127041 ms)

========================================================================
Received Prepare
Refreshing native plugins compatible for Editor in 0.35 ms, found 1 plugins.
Preloading 0 native plugins for Editor in 0.00 ms.
Unloading 3 Unused Serialized files (Serialized files now loaded: 0)
System memory in use before: 118.3 MB.
System memory in use after: 118.4 MB.

Unloading 3 unused Assets to reduce memory usage. Loaded Objects now: 2088.
Total: 1.315708 ms (FindLiveObjects: 0.143750 ms CreateObjectMapping: 0.030792 ms MarkObjects: 1.096708 ms  DeleteObjects: 0.043667 ms)

========================================================================
Received Prepare
Refreshing native plugins compatible for Editor in 0.42 ms, found 1 plugins.
Preloading 0 native plugins for Editor in 0.00 ms.
Unloading 3 Unused Serialized files (Serialized files now loaded: 0)
System memory in use before: 118.3 MB.
System memory in use after: 118.4 MB.

Unloading 3 unused Assets to reduce memory usage. Loaded Objects now: 2088.
Total: 1.220166 ms (FindLiveObjects: 0.123500 ms CreateObjectMapping: 0.030958 ms MarkObjects: 1.024375 ms  DeleteObjects: 0.040625 ms)

========================================================================
Received Prepare
Refreshing native plugins compatible for Editor in 0.40 ms, found 1 plugins.
Preloading 0 native plugins for Editor in 0.00 ms.
Unloading 3 Unused Serialized files (Serialized files now loaded: 0)
System memory in use before: 118.3 MB.
System memory in use after: 118.4 MB.

Unloading 3 unused Assets to reduce memory usage. Loaded Objects now: 2088.
Total: 5.038458 ms (FindLiveObjects: 0.155875 ms CreateObjectMapping: 0.035833 ms MarkObjects: 4.782458 ms  DeleteObjects: 0.063166 ms)

========================================================================
Received Prepare
Refreshing native plugins compatible for Editor in 0.39 ms, found 1 plugins.
Preloading 0 native plugins for Editor in 0.00 ms.
Unloading 3 Unused Serialized files (Serialized files now loaded: 0)
System memory in use before: 118.7 MB.
System memory in use after: 118.8 MB.

Unloading 3 unused Assets to reduce memory usage. Loaded Objects now: 2088.
Total: 7.482667 ms (FindLiveObjects: 0.468125 ms CreateObjectMapping: 0.033291 ms MarkObjects: 6.896167 ms  DeleteObjects: 0.084291 ms)

========================================================================
Received Prepare
Refreshing native plugins compatible for Editor in 0.39 ms, found 1 plugins.
Preloading 0 native plugins for Editor in 0.00 ms.
Unloading 3 Unused Serialized files (Serialized files now loaded: 0)
System memory in use before: 118.7 MB.
System memory in use after: 118.8 MB.

Unloading 3 unused Assets to reduce memory usage. Loaded Objects now: 2088.
Total: 1.273042 ms (FindLiveObjects: 0.156208 ms CreateObjectMapping: 0.032834 ms MarkObjects: 1.038417 ms  DeleteObjects: 0.044750 ms)

========================================================================
Received Prepare
Refreshing native plugins compatible for Editor in 0.40 ms, found 1 plugins.
Preloading 0 native plugins for Editor in 0.00 ms.
Unloading 3 Unused Serialized files (Serialized files now loaded: 0)
System memory in use before: 118.7 MB.
System memory in use after: 118.8 MB.

Unloading 3 unused Assets to reduce memory usage. Loaded Objects now: 2088.
Total: 1.284958 ms (FindLiveObjects: 0.147291 ms CreateObjectMapping: 0.033000 ms MarkObjects: 1.062292 ms  DeleteObjects: 0.041708 ms)

========================================================================
Received Prepare
Refreshing native plugins compatible for Editor in 0.46 ms, found 1 plugins.
Preloading 0 native plugins for Editor in 0.00 ms.
Unloading 3 Unused Serialized files (Serialized files now loaded: 0)
System memory in use before: 118.7 MB.
System memory in use after: 118.8 MB.

Unloading 3 unused Assets to reduce memory usage. Loaded Objects now: 2088.
Total: 6.661458 ms (FindLiveObjects: 0.495459 ms CreateObjectMapping: 0.032250 ms MarkObjects: 6.046959 ms  DeleteObjects: 0.085500 ms)

========================================================================
Received Prepare
Refreshing native plugins compatible for Editor in 0.35 ms, found 1 plugins.
Preloading 0 native plugins for Editor in 0.00 ms.
Unloading 3 Unused Serialized files (Serialized files now loaded: 0)
System memory in use before: 118.4 MB.
System memory in use after: 118.5 MB.

Unloading 3 unused Assets to reduce memory usage. Loaded Objects now: 2088.
Total: 1.223209 ms (FindLiveObjects: 0.108834 ms CreateObjectMapping: 0.030917 ms MarkObjects: 1.036125 ms  DeleteObjects: 0.046667 ms)

========================================================================
Received Prepare
Refreshing native plugins compatible for Editor in 0.40 ms, found 1 plugins.
Preloading 0 native plugins for Editor in 0.00 ms.
Unloading 3 Unused Serialized files (Serialized files now loaded: 0)
System memory in use before: 118.4 MB.
System memory in use after: 118.5 MB.

Unloading 3 unused Assets to reduce memory usage. Loaded Objects now: 2088.
Total: 1.448917 ms (FindLiveObjects: 0.211125 ms CreateObjectMapping: 0.034458 ms MarkObjects: 1.154000 ms  DeleteObjects: 0.048292 ms)

========================================================================
Received Prepare
Refreshing native plugins compatible for Editor in 0.40 ms, found 1 plugins.
Preloading 0 native plugins for Editor in 0.00 ms.
Unloading 3 Unused Serialized files (Serialized files now loaded: 0)
System memory in use before: 118.4 MB.
System memory in use after: 118.5 MB.

Unloading 3 unused Assets to reduce memory usage. Loaded Objects now: 2088.
Total: 1.205167 ms (FindLiveObjects: 0.108417 ms CreateObjectMapping: 0.030958 ms MarkObjects: 1.026833 ms  DeleteObjects: 0.038458 ms)

========================================================================
Received Prepare
Refreshing native plugins compatible for Editor in 1.01 ms, found 1 plugins.
Preloading 0 native plugins for Editor in 0.00 ms.
Unloading 3 Unused Serialized files (Serialized files now loaded: 0)
System memory in use before: 118.4 MB.
System memory in use after: 118.5 MB.

Unloading 3 unused Assets to reduce memory usage. Loaded Objects now: 2088.
Total: 5.762500 ms (FindLiveObjects: 0.551250 ms CreateObjectMapping: 0.031084 ms MarkObjects: 5.103791 ms  DeleteObjects: 0.075750 ms)

========================================================================
Received Prepare
Refreshing native plugins compatible for Editor in 0.47 ms, found 1 plugins.
Preloading 0 native plugins for Editor in 0.00 ms.
Unloading 3 Unused Serialized files (Serialized files now loaded: 0)
System memory in use before: 118.4 MB.
System memory in use after: 118.5 MB.

Unloading 3 unused Assets to reduce memory usage. Loaded Objects now: 2088.
Total: 6.990000 ms (FindLiveObjects: 0.566000 ms CreateObjectMapping: 0.037542 ms MarkObjects: 6.273375 ms  DeleteObjects: 0.111542 ms)

========================================================================
Received Prepare
Registering precompiled user dll's ...
Registered in 0.000667 seconds.
Begin MonoManager ReloadAssembly
Native extension for OSXStandalone target not found
Refreshing native plugins compatible for Editor in 0.20 ms, found 1 plugins.
Preloading 0 native plugins for Editor in 0.00 ms.
Invoked RoslynAnalysisRunner static constructor.
RoslynAnalysisRunner will not be running.
RoslynAnalysisRunner has terminated.
Mono: successfully reloaded assembly
- Completed reload, in  2.670 seconds
Platform modules already initialized, skipping
Switching build target platform(2) subTarget(0) extendedPlatform(0) -> platform(13) subTarget(537395200) extendedPlatform(0)
Refreshing native plugins compatible for Editor in 0.18 ms, found 1 plugins.
Preloading 0 native plugins for Editor in 0.00 ms.
Unloading 1284 Unused Serialized files (Serialized files now loaded: 0)
System memory in use before: 143.7 MB.
System memory in use after: 143.8 MB.

Unloading 5 unused Assets to reduce memory usage. Loaded Objects now: 2091.
Total: 1.505417 ms (FindLiveObjects: 0.219459 ms CreateObjectMapping: 0.032041 ms MarkObjects: 1.198750 ms  DeleteObjects: 0.054167 ms)

AssetImportParameters requested are different than current active one (requested -> active):
  custom:graphics/normal-map-encoding: 01000000000000000000000000000000 -> 02000000000000000000000000000000
========================================================================
Received Prepare
Registering precompiled user dll's ...
Registered in 0.000859 seconds.
Begin MonoManager ReloadAssembly
Native extension for OSXStandalone target not found
Refreshing native plugins compatible for Editor in 0.20 ms, found 1 plugins.
Preloading 0 native plugins for Editor in 0.00 ms.
Invoked RoslynAnalysisRunner static constructor.
RoslynAnalysisRunner will not be running.
RoslynAnalysisRunner has terminated.
Mono: successfully reloaded assembly
- Completed reload, in  2.264 seconds
Platform modules already initialized, skipping
Switching build target platform(2) subTarget(0) extendedPlatform(0) -> platform(13) subTarget(537395200) extendedPlatform(0)
Refreshing native plugins compatible for Editor in 0.27 ms, found 1 plugins.
Preloading 0 native plugins for Editor in 0.00 ms.
Unloading 1284 Unused Serialized files (Serialized files now loaded: 0)
System memory in use before: 143.9 MB.
System memory in use after: 144.0 MB.

Unloading 5 unused Assets to reduce memory usage. Loaded Objects now: 2094.
Total: 1.426709 ms (FindLiveObjects: 0.216417 ms CreateObjectMapping: 0.032084 ms MarkObjects: 1.115458 ms  DeleteObjects: 0.061458 ms)

AssetImportParameters requested are different than current active one (requested -> active):
  custom:graphics/normal-map-encoding: 01000000000000000000000000000000 -> 02000000000000000000000000000000
========================================================================
Received Prepare
Refreshing native plugins compatible for Editor in 0.91 ms, found 1 plugins.
Preloading 0 native plugins for Editor in 0.00 ms.
Unloading 3 Unused Serialized files (Serialized files now loaded: 0)
System memory in use before: 118.8 MB.
System memory in use after: 118.9 MB.

Unloading 3 unused Assets to reduce memory usage. Loaded Objects now: 2094.
Total: 12.569041 ms (FindLiveObjects: 0.408375 ms CreateObjectMapping: 0.032875 ms MarkObjects: 12.020375 ms  DeleteObjects: 0.106500 ms)

========================================================================
Received Prepare
Registering precompiled user dll's ...
Registered in 0.000970 seconds.
Begin MonoManager ReloadAssembly
Native extension for OSXStandalone target not found
Refreshing native plugins compatible for Editor in 0.21 ms, found 1 plugins.
Preloading 0 native plugins for Editor in 0.00 ms.
Invoked RoslynAnalysisRunner static constructor.
RoslynAnalysisRunner will not be running.
RoslynAnalysisRunner has terminated.
Mono: successfully reloaded assembly
- Completed reload, in  2.429 seconds
Platform modules already initialized, skipping
Switching build target platform(2) subTarget(0) extendedPlatform(0) -> platform(13) subTarget(537395200) extendedPlatform(0)
Refreshing native plugins compatible for Editor in 0.18 ms, found 1 plugins.
Preloading 0 native plugins for Editor in 0.00 ms.
Unloading 1284 Unused Serialized files (Serialized files now loaded: 0)
System memory in use before: 144.1 MB.
System memory in use after: 144.1 MB.

Unloading 5 unused Assets to reduce memory usage. Loaded Objects now: 2097.
Total: 1.300000 ms (FindLiveObjects: 0.155792 ms CreateObjectMapping: 0.031084 ms MarkObjects: 1.052041 ms  DeleteObjects: 0.060250 ms)

AssetImportParameters requested are different than current active one (requested -> active):
  custom:graphics/normal-map-encoding: 01000000000000000000000000000000 -> 02000000000000000000000000000000
========================================================================
Received Prepare
Registering precompiled user dll's ...
Registered in 0.000759 seconds.
Begin MonoManager ReloadAssembly
Native extension for OSXStandalone target not found
Refreshing native plugins compatible for Editor in 0.41 ms, found 1 plugins.
Preloading 0 native plugins for Editor in 0.00 ms.
Invoked RoslynAnalysisRunner static constructor.
RoslynAnalysisRunner will not be running.
RoslynAnalysisRunner has terminated.
Mono: successfully reloaded assembly
- Completed reload, in  2.605 seconds
Platform modules already initialized, skipping
Switching build target platform(2) subTarget(0) extendedPlatform(0) -> platform(13) subTarget(537395200) extendedPlatform(0)
Refreshing native plugins compatible for Editor in 0.14 ms, found 1 plugins.
Preloading 0 native plugins for Editor in 0.00 ms.
Unloading 1284 Unused Serialized files (Serialized files now loaded: 0)
System memory in use before: 144.3 MB.
System memory in use after: 144.4 MB.

Unloading 5 unused Assets to reduce memory usage. Loaded Objects now: 2100.
Total: 1.409834 ms (FindLiveObjects: 0.215291 ms CreateObjectMapping: 0.038333 ms MarkObjects: 1.094416 ms  DeleteObjects: 0.060792 ms)

AssetImportParameters requested are different than current active one (requested -> active):
  custom:graphics/normal-map-encoding: 01000000000000000000000000000000 -> 02000000000000000000000000000000
========================================================================
Received Prepare
Registering precompiled user dll's ...
Registered in 0.000441 seconds.
Begin MonoManager ReloadAssembly
Native extension for OSXStandalone target not found
Refreshing native plugins compatible for Editor in 0.21 ms, found 1 plugins.
Preloading 0 native plugins for Editor in 0.00 ms.
Invoked RoslynAnalysisRunner static constructor.
RoslynAnalysisRunner will not be running.
RoslynAnalysisRunner has terminated.
Mono: successfully reloaded assembly
- Completed reload, in  2.382 seconds
Platform modules already initialized, skipping
Switching build target platform(2) subTarget(0) extendedPlatform(0) -> platform(13) subTarget(537395200) extendedPlatform(0)
Refreshing native plugins compatible for Editor in 0.19 ms, found 1 plugins.
Preloading 0 native plugins for Editor in 0.00 ms.
Unloading 1340 Unused Serialized files (Serialized files now loaded: 0)
System memory in use before: 146.6 MB.
System memory in use after: 146.6 MB.

Unloading 5 unused Assets to reduce memory usage. Loaded Objects now: 2159.
Total: 1.509292 ms (FindLiveObjects: 0.211875 ms CreateObjectMapping: 0.033292 ms MarkObjects: 1.190667 ms  DeleteObjects: 0.072333 ms)

AssetImportParameters requested are different than current active one (requested -> active):
  custom:graphics/normal-map-encoding: 01000000000000000000000000000000 -> 02000000000000000000000000000000
========================================================================
Received Prepare
Registering precompiled user dll's ...
Registered in 0.000366 seconds.
Begin MonoManager ReloadAssembly
Native extension for OSXStandalone target not found
Refreshing native plugins compatible for Editor in 0.21 ms, found 1 plugins.
Preloading 0 native plugins for Editor in 0.00 ms.
Invoked RoslynAnalysisRunner static constructor.
RoslynAnalysisRunner will not be running.
RoslynAnalysisRunner has terminated.
Mono: successfully reloaded assembly
- Completed reload, in  2.367 seconds
Platform modules already initialized, skipping
Switching build target platform(2) subTarget(0) extendedPlatform(0) -> platform(13) subTarget(537395200) extendedPlatform(0)
Refreshing native plugins compatible for Editor in 0.21 ms, found 1 plugins.
Preloading 0 native plugins for Editor in 0.00 ms.
Unloading 1340 Unused Serialized files (Serialized files now loaded: 0)
System memory in use before: 146.8 MB.
System memory in use after: 146.9 MB.

Unloading 5 unused Assets to reduce memory usage. Loaded Objects now: 2162.
Total: 1.541750 ms (FindLiveObjects: 0.210250 ms CreateObjectMapping: 0.033541 ms MarkObjects: 1.223417 ms  DeleteObjects: 0.073250 ms)

AssetImportParameters requested are different than current active one (requested -> active):
  custom:graphics/normal-map-encoding: 01000000000000000000000000000000 -> 02000000000000000000000000000000
========================================================================
Received Prepare
Refreshing native plugins compatible for Editor in 0.56 ms, found 1 plugins.
Preloading 0 native plugins for Editor in 0.00 ms.
Unloading 3 Unused Serialized files (Serialized files now loaded: 0)
System memory in use before: 120.6 MB.
System memory in use after: 120.7 MB.

Unloading 3 unused Assets to reduce memory usage. Loaded Objects now: 2162.
Total: 12.069958 ms (FindLiveObjects: 0.292666 ms CreateObjectMapping: 0.032042 ms MarkObjects: 10.717208 ms  DeleteObjects: 1.026959 ms)

========================================================================
Received Prepare
Registering precompiled user dll's ...
Registered in 0.000656 seconds.
Begin MonoManager ReloadAssembly
Native extension for OSXStandalone target not found
Refreshing native plugins compatible for Editor in 0.20 ms, found 1 plugins.
Preloading 0 native plugins for Editor in 0.00 ms.
Invoked RoslynAnalysisRunner static constructor.
RoslynAnalysisRunner will not be running.
RoslynAnalysisRunner has terminated.
Mono: successfully reloaded assembly
- Completed reload, in  2.488 seconds
Platform modules already initialized, skipping
Switching build target platform(2) subTarget(0) extendedPlatform(0) -> platform(13) subTarget(537395200) extendedPlatform(0)
Refreshing native plugins compatible for Editor in 0.26 ms, found 1 plugins.
Preloading 0 native plugins for Editor in 0.00 ms.
Unloading 1340 Unused Serialized files (Serialized files now loaded: 0)
System memory in use before: 147.0 MB.
System memory in use after: 147.1 MB.

Unloading 5 unused Assets to reduce memory usage. Loaded Objects now: 2165.
Total: 5.138458 ms (FindLiveObjects: 0.953292 ms CreateObjectMapping: 0.042625 ms MarkObjects: 3.806417 ms  DeleteObjects: 0.334375 ms)

AssetImportParameters requested are different than current active one (requested -> active):
  custom:graphics/normal-map-encoding: 01000000000000000000000000000000 -> 02000000000000000000000000000000
========================================================================
Received Import Request.
  Time since last request: 1864.125574 seconds.
  path: Assets/Materials
  artifactKey: Guid(2ae7a3462db59462c8638e7ef5944601) Importer(815301076,1909f56bfc062723c751e8b465ee728b)
Start importing Assets/Materials using Guid(2ae7a3462db59462c8638e7ef5944601) Importer(815301076,1909f56bfc062723c751e8b465ee728b)  -> (artifact id: '9598ea93e4df776d737c4e2503ebd0f5') in 0.036766 seconds
  Import took 0.067361 seconds .

========================================================================
Received Import Request.
  Time since last request: 28.577882 seconds.
  path: Assets/Scenes/DwnScene1.unity
  artifactKey: Guid(bb9c79a0c97a0407390de31263bfa18d) Importer(815301076,1909f56bfc062723c751e8b465ee728b)
Start importing Assets/Scenes/DwnScene1.unity using Guid(bb9c79a0c97a0407390de31263bfa18d) Importer(815301076,1909f56bfc062723c751e8b465ee728b)  -> (artifact id: '02d7b62480284d7ad07c0878efa39a93') in 0.025848 seconds
  Import took 0.030658 seconds .

========================================================================
Received Import Request.
  Time since last request: 4.237901 seconds.
  path: Assets/Scenes/DwnScene.unity
  artifactKey: Guid(bb9c79a0c97a0407390de31263bfa18d) Importer(815301076,1909f56bfc062723c751e8b465ee728b)
Start importing Assets/Scenes/DwnScene.unity using Guid(bb9c79a0c97a0407390de31263bfa18d) Importer(815301076,1909f56bfc062723c751e8b465ee728b)  -> (artifact id: '2a6c991700cba21f56adc7bf77745ac3') in 0.048041 seconds
  Import took 0.053316 seconds .

========================================================================
Received Prepare
Refreshing native plugins compatible for Editor in 1.29 ms, found 1 plugins.
Preloading 0 native plugins for Editor in 0.00 ms.
Unloading 3 Unused Serialized files (Serialized files now loaded: 0)
System memory in use before: 120.9 MB.
System memory in use after: 121.0 MB.

Unloading 3 unused Assets to reduce memory usage. Loaded Objects now: 2165.
Total: 18.274750 ms (FindLiveObjects: 2.700958 ms CreateObjectMapping: 0.064291 ms MarkObjects: 15.399208 ms  DeleteObjects: 0.108959 ms)

========================================================================
Received Prepare
Refreshing native plugins compatible for Editor in 0.44 ms, found 1 plugins.
Preloading 0 native plugins for Editor in 0.00 ms.
Unloading 3 Unused Serialized files (Serialized files now loaded: 0)
System memory in use before: 121.0 MB.
System memory in use after: 121.1 MB.

Unloading 3 unused Assets to reduce memory usage. Loaded Objects now: 2165.
Total: 13.922833 ms (FindLiveObjects: 0.582250 ms CreateObjectMapping: 0.034625 ms MarkObjects: 13.219958 ms  DeleteObjects: 0.085292 ms)

========================================================================
Received Prepare
Refreshing native plugins compatible for Editor in 1.02 ms, found 1 plugins.
Preloading 0 native plugins for Editor in 0.00 ms.
Unloading 3 Unused Serialized files (Serialized files now loaded: 0)
System memory in use before: 121.0 MB.
System memory in use after: 121.1 MB.

Unloading 3 unused Assets to reduce memory usage. Loaded Objects now: 2165.
Total: 6.230666 ms (FindLiveObjects: 0.430667 ms CreateObjectMapping: 0.033209 ms MarkObjects: 5.337875 ms  DeleteObjects: 0.428417 ms)

========================================================================
Received Prepare
Refreshing native plugins compatible for Editor in 0.49 ms, found 1 plugins.
Preloading 0 native plugins for Editor in 0.00 ms.
Unloading 3 Unused Serialized files (Serialized files now loaded: 0)
System memory in use before: 121.0 MB.
System memory in use after: 121.1 MB.

Unloading 3 unused Assets to reduce memory usage. Loaded Objects now: 2165.
Total: 6.679667 ms (FindLiveObjects: 0.482875 ms CreateObjectMapping: 0.032625 ms MarkObjects: 6.094916 ms  DeleteObjects: 0.068541 ms)

========================================================================
Received Prepare
Refreshing native plugins compatible for Editor in 0.45 ms, found 1 plugins.
Preloading 0 native plugins for Editor in 0.00 ms.
Unloading 3 Unused Serialized files (Serialized files now loaded: 0)
System memory in use before: 121.0 MB.
System memory in use after: 121.1 MB.

Unloading 3 unused Assets to reduce memory usage. Loaded Objects now: 2165.
Total: 13.607750 ms (FindLiveObjects: 0.646083 ms CreateObjectMapping: 0.033292 ms MarkObjects: 12.838250 ms  DeleteObjects: 0.088750 ms)

========================================================================
Received Prepare
Registering precompiled user dll's ...
Registered in 0.000391 seconds.
Begin MonoManager ReloadAssembly
Native extension for OSXStandalone target not found
Refreshing native plugins compatible for Editor in 0.21 ms, found 1 plugins.
Preloading 0 native plugins for Editor in 0.00 ms.
Invoked RoslynAnalysisRunner static constructor.
RoslynAnalysisRunner will not be running.
RoslynAnalysisRunner has terminated.
Mono: successfully reloaded assembly
- Completed reload, in  2.542 seconds
Platform modules already initialized, skipping
Switching build target platform(2) subTarget(0) extendedPlatform(0) -> platform(13) subTarget(537395200) extendedPlatform(0)
Refreshing native plugins compatible for Editor in 0.13 ms, found 1 plugins.
Preloading 0 native plugins for Editor in 0.00 ms.
Unloading 1340 Unused Serialized files (Serialized files now loaded: 0)
System memory in use before: 147.3 MB.
System memory in use after: 147.3 MB.

Unloading 5 unused Assets to reduce memory usage. Loaded Objects now: 2168.
Total: 1.332000 ms (FindLiveObjects: 0.131417 ms CreateObjectMapping: 0.035083 ms MarkObjects: 1.107791 ms  DeleteObjects: 0.056791 ms)

AssetImportParameters requested are different than current active one (requested -> active):
  custom:graphics/normal-map-encoding: 01000000000000000000000000000000 -> 02000000000000000000000000000000
========================================================================
Received Import Request.
  Time since last request: 679.916606 seconds.
  path: Assets/Scenes/SampleScene.unity
  artifactKey: Guid(9fc0d4010bbf28b4594072e72b8655ab) Importer(815301076,1909f56bfc062723c751e8b465ee728b)
Start importing Assets/Scenes/SampleScene.unity using Guid(9fc0d4010bbf28b4594072e72b8655ab) Importer(815301076,1909f56bfc062723c751e8b465ee728b)  -> (artifact id: '943c98da134bf65a588ada776d7fd5e1') in 0.042139 seconds
  Import took 0.049402 seconds .

========================================================================
Received Import Request.
  Time since last request: 0.029627 seconds.
  path: Assets/Scenes/SampleScene.unity
  artifactKey: Guid(9fc0d4010bbf28b4594072e72b8655ab) Importer(815301076,1909f56bfc062723c751e8b465ee728b)
Start importing Assets/Scenes/SampleScene.unity using Guid(9fc0d4010bbf28b4594072e72b8655ab) Importer(815301076,1909f56bfc062723c751e8b465ee728b)  -> (artifact id: '943c98da134bf65a588ada776d7fd5e1') in 0.001507 seconds
  Import took 0.003375 seconds .

========================================================================
Received Prepare
Registering precompiled user dll's ...
Registered in 0.000378 seconds.
Begin MonoManager ReloadAssembly
Native extension for OSXStandalone target not found
Refreshing native plugins compatible for Editor in 0.24 ms, found 1 plugins.
Preloading 0 native plugins for Editor in 0.00 ms.
Invoked RoslynAnalysisRunner static constructor.
RoslynAnalysisRunner will not be running.
RoslynAnalysisRunner has terminated.
Mono: successfully reloaded assembly
- Completed reload, in  2.525 seconds
Platform modules already initialized, skipping
Switching build target platform(2) subTarget(0) extendedPlatform(0) -> platform(13) subTarget(537395200) extendedPlatform(0)
Refreshing native plugins compatible for Editor in 0.20 ms, found 1 plugins.
Preloading 0 native plugins for Editor in 0.00 ms.
Unloading 1340 Unused Serialized files (Serialized files now loaded: 0)
System memory in use before: 147.7 MB.
System memory in use after: 147.8 MB.

Unloading 5 unused Assets to reduce memory usage. Loaded Objects now: 2171.
Total: 1.711208 ms (FindLiveObjects: 0.263542 ms CreateObjectMapping: 0.034542 ms MarkObjects: 1.319125 ms  DeleteObjects: 0.092292 ms)

AssetImportParameters requested are different than current active one (requested -> active):
  custom:graphics/normal-map-encoding: 01000000000000000000000000000000 -> 02000000000000000000000000000000
========================================================================
Received Prepare
Refreshing native plugins compatible for Editor in 0.54 ms, found 1 plugins.
Preloading 0 native plugins for Editor in 0.00 ms.
Unloading 3 Unused Serialized files (Serialized files now loaded: 0)
System memory in use before: 121.5 MB.
System memory in use after: 121.6 MB.

Unloading 3 unused Assets to reduce memory usage. Loaded Objects now: 2171.
Total: 13.758250 ms (FindLiveObjects: 0.655875 ms CreateObjectMapping: 0.033458 ms MarkObjects: 12.961708 ms  DeleteObjects: 0.105958 ms)

========================================================================
Received Prepare
Registering precompiled user dll's ...
Registered in 0.000360 seconds.
Begin MonoManager ReloadAssembly
Native extension for OSXStandalone target not found
Refreshing native plugins compatible for Editor in 0.21 ms, found 1 plugins.
Preloading 0 native plugins for Editor in 0.00 ms.
Invoked RoslynAnalysisRunner static constructor.
RoslynAnalysisRunner will not be running.
RoslynAnalysisRunner has terminated.
Mono: successfully reloaded assembly
- Completed reload, in  2.460 seconds
Platform modules already initialized, skipping
Switching build target platform(2) subTarget(0) extendedPlatform(0) -> platform(13) subTarget(537395200) extendedPlatform(0)
Refreshing native plugins compatible for Editor in 0.19 ms, found 1 plugins.
Preloading 0 native plugins for Editor in 0.00 ms.
Unloading 1340 Unused Serialized files (Serialized files now loaded: 0)
System memory in use before: 147.9 MB.
System memory in use after: 148.0 MB.

Unloading 5 unused Assets to reduce memory usage. Loaded Objects now: 2174.
Total: 1.788250 ms (FindLiveObjects: 0.162208 ms CreateObjectMapping: 0.033500 ms MarkObjects: 1.525834 ms  DeleteObjects: 0.065750 ms)

AssetImportParameters requested are different than current active one (requested -> active):
  custom:graphics/normal-map-encoding: 01000000000000000000000000000000 -> 02000000000000000000000000000000
========================================================================
Received Prepare
Refreshing native plugins compatible for Editor in 1.26 ms, found 1 plugins.
Preloading 0 native plugins for Editor in 0.00 ms.
Unloading 3 Unused Serialized files (Serialized files now loaded: 0)
System memory in use before: 121.9 MB.
System memory in use after: 122.0 MB.

Unloading 3 unused Assets to reduce memory usage. Loaded Objects now: 2174.
Total: 16.163750 ms (FindLiveObjects: 0.325708 ms CreateObjectMapping: 0.033000 ms MarkObjects: 15.669416 ms  DeleteObjects: 0.134291 ms)

========================================================================
Received Prepare
Registering precompiled user dll's ...
Registered in 0.000389 seconds.
Begin MonoManager ReloadAssembly
Native extension for OSXStandalone target not found
Refreshing native plugins compatible for Editor in 0.22 ms, found 1 plugins.
Preloading 0 native plugins for Editor in 0.00 ms.
Invoked RoslynAnalysisRunner static constructor.
RoslynAnalysisRunner will not be running.
RoslynAnalysisRunner has terminated.
Mono: successfully reloaded assembly
- Completed reload, in  2.426 seconds
Platform modules already initialized, skipping
Switching build target platform(2) subTarget(0) extendedPlatform(0) -> platform(13) subTarget(537395200) extendedPlatform(0)
Refreshing native plugins compatible for Editor in 0.20 ms, found 1 plugins.
Preloading 0 native plugins for Editor in 0.00 ms.
Unloading 1340 Unused Serialized files (Serialized files now loaded: 0)
System memory in use before: 148.2 MB.
System memory in use after: 148.3 MB.

Unloading 5 unused Assets to reduce memory usage. Loaded Objects now: 2177.
Total: 1.764792 ms (FindLiveObjects: 0.171625 ms CreateObjectMapping: 0.033334 ms MarkObjects: 1.496959 ms  DeleteObjects: 0.061875 ms)

AssetImportParameters requested are different than current active one (requested -> active):
  custom:graphics/normal-map-encoding: 01000000000000000000000000000000 -> 02000000000000000000000000000000
========================================================================
Received Prepare
Refreshing native plugins compatible for Editor in 1.34 ms, found 1 plugins.
Preloading 0 native plugins for Editor in 0.00 ms.
Unloading 3 Unused Serialized files (Serialized files now loaded: 0)
System memory in use before: 122.2 MB.
System memory in use after: 122.3 MB.

Unloading 3 unused Assets to reduce memory usage. Loaded Objects now: 2177.
Total: 11.077084 ms (FindLiveObjects: 0.344375 ms CreateObjectMapping: 0.033083 ms MarkObjects: 10.591542 ms  DeleteObjects: 0.107084 ms)

========================================================================
Received Prepare
Registering precompiled user dll's ...
Registered in 0.001872 seconds.
Begin MonoManager ReloadAssembly
Native extension for OSXStandalone target not found
Refreshing native plugins compatible for Editor in 0.20 ms, found 1 plugins.
Preloading 0 native plugins for Editor in 0.00 ms.
Invoked RoslynAnalysisRunner static constructor.
RoslynAnalysisRunner will not be running.
RoslynAnalysisRunner has terminated.
Mono: successfully reloaded assembly
- Completed reload, in  2.381 seconds
Platform modules already initialized, skipping
Switching build target platform(2) subTarget(0) extendedPlatform(0) -> platform(13) subTarget(537395200) extendedPlatform(0)
Refreshing native plugins compatible for Editor in 0.15 ms, found 1 plugins.
Preloading 0 native plugins for Editor in 0.00 ms.
Unloading 1340 Unused Serialized files (Serialized files now loaded: 0)
System memory in use before: 148.6 MB.
System memory in use after: 148.7 MB.

Unloading 5 unused Assets to reduce memory usage. Loaded Objects now: 2180.
Total: 1.445125 ms (FindLiveObjects: 0.185042 ms CreateObjectMapping: 0.035459 ms MarkObjects: 1.165917 ms  DeleteObjects: 0.057958 ms)

AssetImportParameters requested are different than current active one (requested -> active):
  custom:graphics/normal-map-encoding: 01000000000000000000000000000000 -> 02000000000000000000000000000000
========================================================================
Received Prepare
Refreshing native plugins compatible for Editor in 1.10 ms, found 1 plugins.
Preloading 0 native plugins for Editor in 0.00 ms.
Unloading 3 Unused Serialized files (Serialized files now loaded: 0)
System memory in use before: 122.5 MB.
System memory in use after: 122.6 MB.

Unloading 3 unused Assets to reduce memory usage. Loaded Objects now: 2180.
Total: 15.673333 ms (FindLiveObjects: 0.340583 ms CreateObjectMapping: 0.031458 ms MarkObjects: 15.200708 ms  DeleteObjects: 0.099458 ms)

========================================================================
Received Prepare
Registering precompiled user dll's ...
Registered in 0.000338 seconds.
Begin MonoManager ReloadAssembly
Native extension for OSXStandalone target not found
Refreshing native plugins compatible for Editor in 0.20 ms, found 1 plugins.
Preloading 0 native plugins for Editor in 0.00 ms.
Invoked RoslynAnalysisRunner static constructor.
RoslynAnalysisRunner will not be running.
RoslynAnalysisRunner has terminated.
Mono: successfully reloaded assembly
- Completed reload, in  2.618 seconds
Platform modules already initialized, skipping
Switching build target platform(2) subTarget(0) extendedPlatform(0) -> platform(13) subTarget(537395200) extendedPlatform(0)
Refreshing native plugins compatible for Editor in 0.20 ms, found 1 plugins.
Preloading 0 native plugins for Editor in 0.00 ms.
Unloading 1340 Unused Serialized files (Serialized files now loaded: 0)
System memory in use before: 148.8 MB.
System memory in use after: 148.9 MB.

Unloading 5 unused Assets to reduce memory usage. Loaded Objects now: 2183.
Total: 1.971917 ms (FindLiveObjects: 0.318875 ms CreateObjectMapping: 0.032833 ms MarkObjects: 1.560000 ms  DeleteObjects: 0.059125 ms)

AssetImportParameters requested are different than current active one (requested -> active):
  custom:graphics/normal-map-encoding: 01000000000000000000000000000000 -> 02000000000000000000000000000000
========================================================================
Received Import Request.
  Time since last request: 1308.365957 seconds.
  path: Assets/Scenes/Scene.unity
  artifactKey: Guid(bb9c79a0c97a0407390de31263bfa18d) Importer(815301076,1909f56bfc062723c751e8b465ee728b)
Start importing Assets/Scenes/Scene.unity using Guid(bb9c79a0c97a0407390de31263bfa18d) Importer(815301076,1909f56bfc062723c751e8b465ee728b)  -> (artifact id: '4879b52ea1e8e8b893fc6df9e889e909') in 0.066153 seconds
  Import took 0.072149 seconds .

